the end of the model assemble
the model is innitialized successfully!
time iteration =3555
all the memory are allocated successfully!
  100 time sampling points from 0.010000 to 10.000000 in log scale
Warning: have no write permission to the wisdom fftw plan dir, save the new one to local dir
the three fftw plan are create successfully!
the 0th of 3555 time iteration, total time=0.00000920s
the 1th of 3555 time iteration, total time=0.00002278s
the 2th of 3555 time iteration, total time=0.00002960s
the 3th of 3555 time iteration, total time=0.00003389s
the 4th of 3555 time iteration, total time=0.00003728s
the 5th of 3555 time iteration, total time=0.00004012s
the 6th of 3555 time iteration, total time=0.00004259s
the 7th of 3555 time iteration, total time=0.00004480s
the 8th of 3555 time iteration, total time=0.00004680s
the 9th of 3555 time iteration, total time=0.00004863s
the 10th of 3555 time iteration, total time=0.00005033s
the 11th of 3555 time iteration, total time=0.00005192s
the 12th of 3555 time iteration, total time=0.00005341s
the 13th of 3555 time iteration, total time=0.00005482s
the 14th of 3555 time iteration, total time=0.00005617s
the 15th of 3555 time iteration, total time=0.00005745s
the 16th of 3555 time iteration, total time=0.00005867s
the 17th of 3555 time iteration, total time=0.00005985s
the 18th of 3555 time iteration, total time=0.00006098s
the 19th of 3555 time iteration, total time=0.00006207s
the 20th of 3555 time iteration, total time=0.00006313s
the 21th of 3555 time iteration, total time=0.00006416s
the 22th of 3555 time iteration, total time=0.00006515s
the 23th of 3555 time iteration, total time=0.00006612s
the 24th of 3555 time iteration, total time=0.00006707s
the 25th of 3555 time iteration, total time=0.00006799s
the 26th of 3555 time iteration, total time=0.00006889s
the 27th of 3555 time iteration, total time=0.00006977s
the 28th of 3555 time iteration, total time=0.00007063s
the 29th of 3555 time iteration, total time=0.00007148s
the 30th of 3555 time iteration, total time=0.00007230s
the 31th of 3555 time iteration, total time=0.00007312s
the 32th of 3555 time iteration, total time=0.00007392s
the 33th of 3555 time iteration, total time=0.00007471s
the 34th of 3555 time iteration, total time=0.00007549s
the 35th of 3555 time iteration, total time=0.00007625s
the 36th of 3555 time iteration, total time=0.00007701s
the 37th of 3555 time iteration, total time=0.00007776s
the 38th of 3555 time iteration, total time=0.00007849s
the 39th of 3555 time iteration, total time=0.00007922s
the 40th of 3555 time iteration, total time=0.00007994s
the 41th of 3555 time iteration, total time=0.00008066s
the 42th of 3555 time iteration, total time=0.00008136s
the 43th of 3555 time iteration, total time=0.00008206s
the 44th of 3555 time iteration, total time=0.00008276s
the 45th of 3555 time iteration, total time=0.00008345s
the 46th of 3555 time iteration, total time=0.00008413s
the 47th of 3555 time iteration, total time=0.00008481s
the 48th of 3555 time iteration, total time=0.00008548s
the 49th of 3555 time iteration, total time=0.00008616s
the 50th of 3555 time iteration, total time=0.00008682s
the 51th of 3555 time iteration, total time=0.00008749s
the 52th of 3555 time iteration, total time=0.00008815s
the 53th of 3555 time iteration, total time=0.00008881s
the 54th of 3555 time iteration, total time=0.00008947s
the 55th of 3555 time iteration, total time=0.00009012s
the 56th of 3555 time iteration, total time=0.00009078s
the 57th of 3555 time iteration, total time=0.00009143s
the 58th of 3555 time iteration, total time=0.00009208s
the 59th of 3555 time iteration, total time=0.00009274s
the 60th of 3555 time iteration, total time=0.00009339s
the 61th of 3555 time iteration, total time=0.00009404s
the 62th of 3555 time iteration, total time=0.00009469s
the 63th of 3555 time iteration, total time=0.00009535s
the 64th of 3555 time iteration, total time=0.00009600s
the 65th of 3555 time iteration, total time=0.00009666s
the 66th of 3555 time iteration, total time=0.00009732s
the 67th of 3555 time iteration, total time=0.00009798s
the 68th of 3555 time iteration, total time=0.00009865s
the 69th of 3555 time iteration, total time=0.00009932s
the 70th of 3555 time iteration, total time=0.00009999s
the 71th of 3555 time iteration, total time=0.00010067s
the 72th of 3555 time iteration, total time=0.00010135s
the 73th of 3555 time iteration, total time=0.00010204s
the 74th of 3555 time iteration, total time=0.00010273s
the 75th of 3555 time iteration, total time=0.00010344s
the 76th of 3555 time iteration, total time=0.00010415s
the 77th of 3555 time iteration, total time=0.00010486s
the 78th of 3555 time iteration, total time=0.00010559s
the 79th of 3555 time iteration, total time=0.00010633s
the 80th of 3555 time iteration, total time=0.00010708s
the 81th of 3555 time iteration, total time=0.00010784s
the 82th of 3555 time iteration, total time=0.00010862s
the 83th of 3555 time iteration, total time=0.00010941s
the 84th of 3555 time iteration, total time=0.00011022s
the 85th of 3555 time iteration, total time=0.00011105s
the 86th of 3555 time iteration, total time=0.00011191s
the 87th of 3555 time iteration, total time=0.00011279s
the 88th of 3555 time iteration, total time=0.00011369s
the 89th of 3555 time iteration, total time=0.00011464s
the 90th of 3555 time iteration, total time=0.00011562s
the 91th of 3555 time iteration, total time=0.00011665s
the 92th of 3555 time iteration, total time=0.00011773s
the 93th of 3555 time iteration, total time=0.00011888s
the 94th of 3555 time iteration, total time=0.00012012s
the 95th of 3555 time iteration, total time=0.00012147s
the 96th of 3555 time iteration, total time=0.00012298s
the 97th of 3555 time iteration, total time=0.00012472s
the 98th of 3555 time iteration, total time=0.00012687s
the 99th of 3555 time iteration, total time=0.00013009s
the 100th of 3555 time iteration, total time=0.00013418s
the 101th of 3555 time iteration, total time=0.00013770s
the 102th of 3555 time iteration, total time=0.00014035s
the 103th of 3555 time iteration, total time=0.00014250s
the 104th of 3555 time iteration, total time=0.00014424s
the 105th of 3555 time iteration, total time=0.00014574s
the 106th of 3555 time iteration, total time=0.00014710s
the 107th of 3555 time iteration, total time=0.00014833s
the 108th of 3555 time iteration, total time=0.00014949s
the 109th of 3555 time iteration, total time=0.00015057s
the 110th of 3555 time iteration, total time=0.00015160s
the 111th of 3555 time iteration, total time=0.00015258s
the 112th of 3555 time iteration, total time=0.00015352s
the 113th of 3555 time iteration, total time=0.00015443s
the 114th of 3555 time iteration, total time=0.00015531s
the 115th of 3555 time iteration, total time=0.00015616s
the 116th of 3555 time iteration, total time=0.00015699s
the 117th of 3555 time iteration, total time=0.00015780s
the 118th of 3555 time iteration, total time=0.00015860s
the 119th of 3555 time iteration, total time=0.00015937s
the 120th of 3555 time iteration, total time=0.00016014s
the 121th of 3555 time iteration, total time=0.00016089s
the 122th of 3555 time iteration, total time=0.00016163s
the 123th of 3555 time iteration, total time=0.00016235s
the 124th of 3555 time iteration, total time=0.00016307s
the 125th of 3555 time iteration, total time=0.00016378s
the 126th of 3555 time iteration, total time=0.00016448s
the 127th of 3555 time iteration, total time=0.00016518s
the 128th of 3555 time iteration, total time=0.00016586s
the 129th of 3555 time iteration, total time=0.00016655s
the 130th of 3555 time iteration, total time=0.00016723s
the 131th of 3555 time iteration, total time=0.00016790s
the 132th of 3555 time iteration, total time=0.00016857s
the 133th of 3555 time iteration, total time=0.00016923s
the 134th of 3555 time iteration, total time=0.00016989s
the 135th of 3555 time iteration, total time=0.00017055s
the 136th of 3555 time iteration, total time=0.00017121s
the 137th of 3555 time iteration, total time=0.00017187s
the 138th of 3555 time iteration, total time=0.00017252s
the 139th of 3555 time iteration, total time=0.00017318s
the 140th of 3555 time iteration, total time=0.00017383s
the 141th of 3555 time iteration, total time=0.00017448s
the 142th of 3555 time iteration, total time=0.00017513s
the 143th of 3555 time iteration, total time=0.00017579s
the 144th of 3555 time iteration, total time=0.00017644s
the 145th of 3555 time iteration, total time=0.00017709s
the 146th of 3555 time iteration, total time=0.00017775s
the 147th of 3555 time iteration, total time=0.00017841s
the 148th of 3555 time iteration, total time=0.00017907s
the 149th of 3555 time iteration, total time=0.00017973s
the 150th of 3555 time iteration, total time=0.00018039s
the 151th of 3555 time iteration, total time=0.00018106s
the 152th of 3555 time iteration, total time=0.00018173s
the 153th of 3555 time iteration, total time=0.00018241s
the 154th of 3555 time iteration, total time=0.00018309s
the 155th of 3555 time iteration, total time=0.00018377s
the 156th of 3555 time iteration, total time=0.00018446s
the 157th of 3555 time iteration, total time=0.00018515s
the 158th of 3555 time iteration, total time=0.00018585s
the 159th of 3555 time iteration, total time=0.00018656s
the 160th of 3555 time iteration, total time=0.00018727s
the 161th of 3555 time iteration, total time=0.00018800s
the 162th of 3555 time iteration, total time=0.00018872s
the 163th of 3555 time iteration, total time=0.00018946s
the 164th of 3555 time iteration, total time=0.00019021s
the 165th of 3555 time iteration, total time=0.00019096s
the 166th of 3555 time iteration, total time=0.00019173s
the 167th of 3555 time iteration, total time=0.00019251s
the 168th of 3555 time iteration, total time=0.00019330s
the 169th of 3555 time iteration, total time=0.00019410s
the 170th of 3555 time iteration, total time=0.00019491s
the 171th of 3555 time iteration, total time=0.00019574s
the 172th of 3555 time iteration, total time=0.00019659s
the 173th of 3555 time iteration, total time=0.00019745s
the 174th of 3555 time iteration, total time=0.00019833s
the 175th of 3555 time iteration, total time=0.00019923s
the 176th of 3555 time iteration, total time=0.00020015s
the 177th of 3555 time iteration, total time=0.00020109s
the 178th of 3555 time iteration, total time=0.00020206s
the 179th of 3555 time iteration, total time=0.00020306s
the 180th of 3555 time iteration, total time=0.00020408s
the 181th of 3555 time iteration, total time=0.00020514s
the 182th of 3555 time iteration, total time=0.00020624s
the 183th of 3555 time iteration, total time=0.00020737s
the 184th of 3555 time iteration, total time=0.00020854s
the 185th of 3555 time iteration, total time=0.00020977s
the 186th of 3555 time iteration, total time=0.00021105s
the 187th of 3555 time iteration, total time=0.00021239s
the 188th of 3555 time iteration, total time=0.00021380s
the 189th of 3555 time iteration, total time=0.00021530s
the 190th of 3555 time iteration, total time=0.00021689s
the 191th of 3555 time iteration, total time=0.00021859s
the 192th of 3555 time iteration, total time=0.00022042s
the 193th of 3555 time iteration, total time=0.00022242s
the 194th of 3555 time iteration, total time=0.00022462s
the 195th of 3555 time iteration, total time=0.00022710s
the 196th of 3555 time iteration, total time=0.00022994s
the 197th of 3555 time iteration, total time=0.00023332s
the 198th of 3555 time iteration, total time=0.00023762s
the 199th of 3555 time iteration, total time=0.00024444s
the 200th of 3555 time iteration, total time=0.00025179s
the 201th of 3555 time iteration, total time=0.00025831s
the 202th of 3555 time iteration, total time=0.00026615s
the 203th of 3555 time iteration, total time=0.00027555s
the 204th of 3555 time iteration, total time=0.00028683s
the 205th of 3555 time iteration, total time=0.00030036s
the 206th of 3555 time iteration, total time=0.00031661s
the 207th of 3555 time iteration, total time=0.00033610s
the 208th of 3555 time iteration, total time=0.00035949s
the 209th of 3555 time iteration, total time=0.00038756s
the 210th of 3555 time iteration, total time=0.00042101s
the 211th of 3555 time iteration, total time=0.00045801s
the 212th of 3555 time iteration, total time=0.00049657s
the 213th of 3555 time iteration, total time=0.00053680s
the 214th of 3555 time iteration, total time=0.00057868s
the 215th of 3555 time iteration, total time=0.00062223s
the 216th of 3555 time iteration, total time=0.00066745s
the 217th of 3555 time iteration, total time=0.00071434s
the 218th of 3555 time iteration, total time=0.00076290s
the 219th of 3555 time iteration, total time=0.00081314s
the 220th of 3555 time iteration, total time=0.00086506s
the 221th of 3555 time iteration, total time=0.00091866s
the 222th of 3555 time iteration, total time=0.00097395s
the 223th of 3555 time iteration, total time=0.00103092s
the 224th of 3555 time iteration, total time=0.00108958s
the 225th of 3555 time iteration, total time=0.00114994s
the 226th of 3555 time iteration, total time=0.00121199s
the 227th of 3555 time iteration, total time=0.00127574s
the 228th of 3555 time iteration, total time=0.00134118s
the 229th of 3555 time iteration, total time=0.00140832s
the 230th of 3555 time iteration, total time=0.00147717s
the 231th of 3555 time iteration, total time=0.00154771s
the 232th of 3555 time iteration, total time=0.00161996s
the 233th of 3555 time iteration, total time=0.00169392s
the 234th of 3555 time iteration, total time=0.00176958s
the 235th of 3555 time iteration, total time=0.00184695s
the 236th of 3555 time iteration, total time=0.00192603s
the 237th of 3555 time iteration, total time=0.00200682s
the 238th of 3555 time iteration, total time=0.00208932s
the 239th of 3555 time iteration, total time=0.00217353s
the 240th of 3555 time iteration, total time=0.00225946s
the 241th of 3555 time iteration, total time=0.00234710s
the 242th of 3555 time iteration, total time=0.00243646s
the 243th of 3555 time iteration, total time=0.00252753s
the 244th of 3555 time iteration, total time=0.00262032s
the 245th of 3555 time iteration, total time=0.00271484s
the 246th of 3555 time iteration, total time=0.00281107s
the 247th of 3555 time iteration, total time=0.00290902s
the 248th of 3555 time iteration, total time=0.00300869s
the 249th of 3555 time iteration, total time=0.00311008s
the 250th of 3555 time iteration, total time=0.00321320s
the 251th of 3555 time iteration, total time=0.00331803s
the 252th of 3555 time iteration, total time=0.00342460s
the 253th of 3555 time iteration, total time=0.00353288s
the 254th of 3555 time iteration, total time=0.00364290s
the 255th of 3555 time iteration, total time=0.00375464s
the 256th of 3555 time iteration, total time=0.00386810s
the 257th of 3555 time iteration, total time=0.00398329s
the 258th of 3555 time iteration, total time=0.00410021s
the 259th of 3555 time iteration, total time=0.00421886s
the 260th of 3555 time iteration, total time=0.00433924s
the 261th of 3555 time iteration, total time=0.00446134s
the 262th of 3555 time iteration, total time=0.00458518s
the 263th of 3555 time iteration, total time=0.00471075s
the 264th of 3555 time iteration, total time=0.00483804s
the 265th of 3555 time iteration, total time=0.00496707s
the 266th of 3555 time iteration, total time=0.00509783s
the 267th of 3555 time iteration, total time=0.00523033s
the 268th of 3555 time iteration, total time=0.00536455s
the 269th of 3555 time iteration, total time=0.00550051s
the 270th of 3555 time iteration, total time=0.00563820s
the 271th of 3555 time iteration, total time=0.00577763s
the 272th of 3555 time iteration, total time=0.00591879s
the 273th of 3555 time iteration, total time=0.00606168s
the 274th of 3555 time iteration, total time=0.00620632s
the 275th of 3555 time iteration, total time=0.00635268s
the 276th of 3555 time iteration, total time=0.00650078s
the 277th of 3555 time iteration, total time=0.00665062s
the 278th of 3555 time iteration, total time=0.00680220s
the 279th of 3555 time iteration, total time=0.00695551s
the 280th of 3555 time iteration, total time=0.00711056s
the 281th of 3555 time iteration, total time=0.00726734s
the 282th of 3555 time iteration, total time=0.00742587s
the 283th of 3555 time iteration, total time=0.00758613s
the 284th of 3555 time iteration, total time=0.00774813s
the 285th of 3555 time iteration, total time=0.00791187s
the 286th of 3555 time iteration, total time=0.00807735s
the 287th of 3555 time iteration, total time=0.00824457s
the 288th of 3555 time iteration, total time=0.00841353s
the 289th of 3555 time iteration, total time=0.00858423s
the 290th of 3555 time iteration, total time=0.00875667s
the 291th of 3555 time iteration, total time=0.00893084s
the 292th of 3555 time iteration, total time=0.00910676s
the 293th of 3555 time iteration, total time=0.00928443s
the 294th of 3555 time iteration, total time=0.00946383s
the 295th of 3555 time iteration, total time=0.00964497s
the 296th of 3555 time iteration, total time=0.00982786s
the 297th of 3555 time iteration, total time=0.01001249s
the 298th of 3555 time iteration, total time=0.01019886s
the 299th of 3555 time iteration, total time=0.01038697s
the 300th of 3555 time iteration, total time=0.01057682s
the 301th of 3555 time iteration, total time=0.01076842s
the 302th of 3555 time iteration, total time=0.01096176s
the 303th of 3555 time iteration, total time=0.01115685s
the 304th of 3555 time iteration, total time=0.01135368s
the 305th of 3555 time iteration, total time=0.01155225s
the 306th of 3555 time iteration, total time=0.01175256s
the 307th of 3555 time iteration, total time=0.01195462s
the 308th of 3555 time iteration, total time=0.01215843s
the 309th of 3555 time iteration, total time=0.01236398s
the 310th of 3555 time iteration, total time=0.01257127s
the 311th of 3555 time iteration, total time=0.01278031s
the 312th of 3555 time iteration, total time=0.01299109s
the 313th of 3555 time iteration, total time=0.01320362s
the 314th of 3555 time iteration, total time=0.01341790s
the 315th of 3555 time iteration, total time=0.01363392s
the 316th of 3555 time iteration, total time=0.01385168s
the 317th of 3555 time iteration, total time=0.01407119s
the 318th of 3555 time iteration, total time=0.01429245s
the 319th of 3555 time iteration, total time=0.01451546s
the 320th of 3555 time iteration, total time=0.01474021s
the 321th of 3555 time iteration, total time=0.01496670s
the 322th of 3555 time iteration, total time=0.01519495s
the 323th of 3555 time iteration, total time=0.01542494s
the 324th of 3555 time iteration, total time=0.01565668s
the 325th of 3555 time iteration, total time=0.01589016s
the 326th of 3555 time iteration, total time=0.01612540s
the 327th of 3555 time iteration, total time=0.01636238s
the 328th of 3555 time iteration, total time=0.01660110s
the 329th of 3555 time iteration, total time=0.01684158s
the 330th of 3555 time iteration, total time=0.01708380s
the 331th of 3555 time iteration, total time=0.01732778s
the 332th of 3555 time iteration, total time=0.01757350s
the 333th of 3555 time iteration, total time=0.01782096s
the 334th of 3555 time iteration, total time=0.01807018s
the 335th of 3555 time iteration, total time=0.01832115s
the 336th of 3555 time iteration, total time=0.01857386s
the 337th of 3555 time iteration, total time=0.01882832s
the 338th of 3555 time iteration, total time=0.01908454s
the 339th of 3555 time iteration, total time=0.01934250s
the 340th of 3555 time iteration, total time=0.01960221s
the 341th of 3555 time iteration, total time=0.01986367s
the 342th of 3555 time iteration, total time=0.02012688s
the 343th of 3555 time iteration, total time=0.02039184s
the 344th of 3555 time iteration, total time=0.02065855s
the 345th of 3555 time iteration, total time=0.02092700s
the 346th of 3555 time iteration, total time=0.02119721s
the 347th of 3555 time iteration, total time=0.02146917s
the 348th of 3555 time iteration, total time=0.02174288s
the 349th of 3555 time iteration, total time=0.02201834s
the 350th of 3555 time iteration, total time=0.02229555s
the 351th of 3555 time iteration, total time=0.02257451s
the 352th of 3555 time iteration, total time=0.02285522s
the 353th of 3555 time iteration, total time=0.02313768s
the 354th of 3555 time iteration, total time=0.02342189s
the 355th of 3555 time iteration, total time=0.02370785s
the 356th of 3555 time iteration, total time=0.02399557s
the 357th of 3555 time iteration, total time=0.02428503s
the 358th of 3555 time iteration, total time=0.02457625s
the 359th of 3555 time iteration, total time=0.02486921s
the 360th of 3555 time iteration, total time=0.02516393s
the 361th of 3555 time iteration, total time=0.02546040s
the 362th of 3555 time iteration, total time=0.02575862s
the 363th of 3555 time iteration, total time=0.02605859s
the 364th of 3555 time iteration, total time=0.02636032s
the 365th of 3555 time iteration, total time=0.02666380s
the 366th of 3555 time iteration, total time=0.02696902s
the 367th of 3555 time iteration, total time=0.02727600s
the 368th of 3555 time iteration, total time=0.02758474s
the 369th of 3555 time iteration, total time=0.02789522s
the 370th of 3555 time iteration, total time=0.02820746s
the 371th of 3555 time iteration, total time=0.02852145s
the 372th of 3555 time iteration, total time=0.02883719s
the 373th of 3555 time iteration, total time=0.02915468s
the 374th of 3555 time iteration, total time=0.02947393s
the 375th of 3555 time iteration, total time=0.02979493s
the 376th of 3555 time iteration, total time=0.03011768s
the 377th of 3555 time iteration, total time=0.03044218s
the 378th of 3555 time iteration, total time=0.03076844s
the 379th of 3555 time iteration, total time=0.03109645s
the 380th of 3555 time iteration, total time=0.03142621s
the 381th of 3555 time iteration, total time=0.03175773s
the 382th of 3555 time iteration, total time=0.03209100s
the 383th of 3555 time iteration, total time=0.03242602s
the 384th of 3555 time iteration, total time=0.03276280s
the 385th of 3555 time iteration, total time=0.03310133s
the 386th of 3555 time iteration, total time=0.03344161s
the 387th of 3555 time iteration, total time=0.03378365s
the 388th of 3555 time iteration, total time=0.03412744s
the 389th of 3555 time iteration, total time=0.03447298s
the 390th of 3555 time iteration, total time=0.03482028s
the 391th of 3555 time iteration, total time=0.03516933s
the 392th of 3555 time iteration, total time=0.03552014s
the 393th of 3555 time iteration, total time=0.03587270s
the 394th of 3555 time iteration, total time=0.03622701s
the 395th of 3555 time iteration, total time=0.03658308s
the 396th of 3555 time iteration, total time=0.03694090s
the 397th of 3555 time iteration, total time=0.03730047s
the 398th of 3555 time iteration, total time=0.03766180s
the 399th of 3555 time iteration, total time=0.03802489s
the 400th of 3555 time iteration, total time=0.03838972s
the 401th of 3555 time iteration, total time=0.03875632s
the 402th of 3555 time iteration, total time=0.03912466s
the 403th of 3555 time iteration, total time=0.03949477s
the 404th of 3555 time iteration, total time=0.03986662s
the 405th of 3555 time iteration, total time=0.04024023s
the 406th of 3555 time iteration, total time=0.04061560s
the 407th of 3555 time iteration, total time=0.04099272s
the 408th of 3555 time iteration, total time=0.04137160s
the 409th of 3555 time iteration, total time=0.04175223s
the 410th of 3555 time iteration, total time=0.04213461s
the 411th of 3555 time iteration, total time=0.04251875s
the 412th of 3555 time iteration, total time=0.04290465s
the 413th of 3555 time iteration, total time=0.04329230s
the 414th of 3555 time iteration, total time=0.04368170s
the 415th of 3555 time iteration, total time=0.04407286s
the 416th of 3555 time iteration, total time=0.04446578s
the 417th of 3555 time iteration, total time=0.04486045s
the 418th of 3555 time iteration, total time=0.04525688s
the 419th of 3555 time iteration, total time=0.04565506s
the 420th of 3555 time iteration, total time=0.04605500s
the 421th of 3555 time iteration, total time=0.04645669s
the 422th of 3555 time iteration, total time=0.04686014s
the 423th of 3555 time iteration, total time=0.04726535s
the 424th of 3555 time iteration, total time=0.04767231s
the 425th of 3555 time iteration, total time=0.04808102s
the 426th of 3555 time iteration, total time=0.04849149s
the 427th of 3555 time iteration, total time=0.04890372s
the 428th of 3555 time iteration, total time=0.04931770s
the 429th of 3555 time iteration, total time=0.04973344s
the 430th of 3555 time iteration, total time=0.05015094s
the 431th of 3555 time iteration, total time=0.05057019s
the 432th of 3555 time iteration, total time=0.05099120s
the 433th of 3555 time iteration, total time=0.05141396s
the 434th of 3555 time iteration, total time=0.05183848s
the 435th of 3555 time iteration, total time=0.05226476s
the 436th of 3555 time iteration, total time=0.05269279s
the 437th of 3555 time iteration, total time=0.05312258s
the 438th of 3555 time iteration, total time=0.05355412s
the 439th of 3555 time iteration, total time=0.05398742s
the 440th of 3555 time iteration, total time=0.05442248s
the 441th of 3555 time iteration, total time=0.05485930s
the 442th of 3555 time iteration, total time=0.05529787s
the 443th of 3555 time iteration, total time=0.05573819s
the 444th of 3555 time iteration, total time=0.05618028s
the 445th of 3555 time iteration, total time=0.05662412s
the 446th of 3555 time iteration, total time=0.05706971s
the 447th of 3555 time iteration, total time=0.05751707s
the 448th of 3555 time iteration, total time=0.05796618s
the 449th of 3555 time iteration, total time=0.05841705s
the 450th of 3555 time iteration, total time=0.05886967s
the 451th of 3555 time iteration, total time=0.05932405s
the 452th of 3555 time iteration, total time=0.05978019s
the 453th of 3555 time iteration, total time=0.06023808s
the 454th of 3555 time iteration, total time=0.06069774s
the 455th of 3555 time iteration, total time=0.06115915s
the 456th of 3555 time iteration, total time=0.06162231s
the 457th of 3555 time iteration, total time=0.06208723s
the 458th of 3555 time iteration, total time=0.06255391s
the 459th of 3555 time iteration, total time=0.06302235s
the 460th of 3555 time iteration, total time=0.06349255s
the 461th of 3555 time iteration, total time=0.06396450s
the 462th of 3555 time iteration, total time=0.06443821s
the 463th of 3555 time iteration, total time=0.06491367s
the 464th of 3555 time iteration, total time=0.06539090s
the 465th of 3555 time iteration, total time=0.06586988s
the 466th of 3555 time iteration, total time=0.06635062s
the 467th of 3555 time iteration, total time=0.06683311s
the 468th of 3555 time iteration, total time=0.06731737s
the 469th of 3555 time iteration, total time=0.06780338s
the 470th of 3555 time iteration, total time=0.06829115s
the 471th of 3555 time iteration, total time=0.06878067s
the 472th of 3555 time iteration, total time=0.06927196s
the 473th of 3555 time iteration, total time=0.06976500s
the 474th of 3555 time iteration, total time=0.07025980s
the 475th of 3555 time iteration, total time=0.07075636s
the 476th of 3555 time iteration, total time=0.07125467s
the 477th of 3555 time iteration, total time=0.07175475s
the 478th of 3555 time iteration, total time=0.07225658s
the 479th of 3555 time iteration, total time=0.07276016s
the 480th of 3555 time iteration, total time=0.07326551s
the 481th of 3555 time iteration, total time=0.07377262s
the 482th of 3555 time iteration, total time=0.07428148s
the 483th of 3555 time iteration, total time=0.07479210s
the 484th of 3555 time iteration, total time=0.07530448s
the 485th of 3555 time iteration, total time=0.07581861s
the 486th of 3555 time iteration, total time=0.07633451s
the 487th of 3555 time iteration, total time=0.07685216s
the 488th of 3555 time iteration, total time=0.07737157s
the 489th of 3555 time iteration, total time=0.07789274s
the 490th of 3555 time iteration, total time=0.07841567s
the 491th of 3555 time iteration, total time=0.07894035s
the 492th of 3555 time iteration, total time=0.07946680s
the 493th of 3555 time iteration, total time=0.07999500s
the 494th of 3555 time iteration, total time=0.08052496s
the 495th of 3555 time iteration, total time=0.08105668s
the 496th of 3555 time iteration, total time=0.08159016s
the 497th of 3555 time iteration, total time=0.08212539s
the 498th of 3555 time iteration, total time=0.08266239s
the 499th of 3555 time iteration, total time=0.08320114s
the 500th of 3555 time iteration, total time=0.08374165s
the 501th of 3555 time iteration, total time=0.08428392s
the 502th of 3555 time iteration, total time=0.08482795s
the 503th of 3555 time iteration, total time=0.08537373s
the 504th of 3555 time iteration, total time=0.08592128s
the 505th of 3555 time iteration, total time=0.08647058s
the 506th of 3555 time iteration, total time=0.08702165s
the 507th of 3555 time iteration, total time=0.08757447s
the 508th of 3555 time iteration, total time=0.08812905s
the 509th of 3555 time iteration, total time=0.08868539s
the 510th of 3555 time iteration, total time=0.08924348s
the 511th of 3555 time iteration, total time=0.08980334s
the 512th of 3555 time iteration, total time=0.09036496s
the 513th of 3555 time iteration, total time=0.09092833s
the 514th of 3555 time iteration, total time=0.09149346s
the 515th of 3555 time iteration, total time=0.09206035s
the 516th of 3555 time iteration, total time=0.09262901s
the 517th of 3555 time iteration, total time=0.09319941s
the 518th of 3555 time iteration, total time=0.09377158s
the 519th of 3555 time iteration, total time=0.09434551s
the 520th of 3555 time iteration, total time=0.09492120s
the 521th of 3555 time iteration, total time=0.09549864s
the 522th of 3555 time iteration, total time=0.09607785s
the 523th of 3555 time iteration, total time=0.09665881s
the 524th of 3555 time iteration, total time=0.09724154s
the 525th of 3555 time iteration, total time=0.09782602s
the 526th of 3555 time iteration, total time=0.09841226s
the 527th of 3555 time iteration, total time=0.09900026s
the 528th of 3555 time iteration, total time=0.09959002s
the 529th of 3555 time iteration, total time=0.10018154s
the 530th of 3555 time iteration, total time=0.10077482s
the 531th of 3555 time iteration, total time=0.10136986s
the 532th of 3555 time iteration, total time=0.10196665s
the 533th of 3555 time iteration, total time=0.10256521s
the 534th of 3555 time iteration, total time=0.10316553s
the 535th of 3555 time iteration, total time=0.10376760s
the 536th of 3555 time iteration, total time=0.10437144s
the 537th of 3555 time iteration, total time=0.10497703s
the 538th of 3555 time iteration, total time=0.10558438s
the 539th of 3555 time iteration, total time=0.10619350s
the 540th of 3555 time iteration, total time=0.10680437s
the 541th of 3555 time iteration, total time=0.10741700s
the 542th of 3555 time iteration, total time=0.10803139s
the 543th of 3555 time iteration, total time=0.10864754s
the 544th of 3555 time iteration, total time=0.10926546s
the 545th of 3555 time iteration, total time=0.10988513s
the 546th of 3555 time iteration, total time=0.11050656s
the 547th of 3555 time iteration, total time=0.11112975s
the 548th of 3555 time iteration, total time=0.11175469s
the 549th of 3555 time iteration, total time=0.11238140s
the 550th of 3555 time iteration, total time=0.11300987s
the 551th of 3555 time iteration, total time=0.11364010s
the 552th of 3555 time iteration, total time=0.11427209s
the 553th of 3555 time iteration, total time=0.11490584s
the 554th of 3555 time iteration, total time=0.11554134s
the 555th of 3555 time iteration, total time=0.11617861s
the 556th of 3555 time iteration, total time=0.11681764s
the 557th of 3555 time iteration, total time=0.11745843s
the 558th of 3555 time iteration, total time=0.11810097s
the 559th of 3555 time iteration, total time=0.11874528s
the 560th of 3555 time iteration, total time=0.11939135s
the 561th of 3555 time iteration, total time=0.12003917s
the 562th of 3555 time iteration, total time=0.12068876s
the 563th of 3555 time iteration, total time=0.12134011s
the 564th of 3555 time iteration, total time=0.12199322s
the 565th of 3555 time iteration, total time=0.12264808s
the 566th of 3555 time iteration, total time=0.12330471s
the 567th of 3555 time iteration, total time=0.12396310s
the 568th of 3555 time iteration, total time=0.12462324s
the 569th of 3555 time iteration, total time=0.12528515s
the 570th of 3555 time iteration, total time=0.12
